2022-09-15 23:06:06 (success) release
2022-09-15 23:06:06 (success) _looped_task
2022-09-15 23:06:06 (success) upload2pypi
2022-09-15 23:05:54 (startup) upload2pypi
2022-09-15 23:05:54 (startup) _looped_task
2022-09-15 23:05:54 (success) _looped_task
2022-09-15 23:05:54 (success) gitpush
2022-09-15 23:05:49 (startup) gitpush
2022-09-15 23:05:49 (startup) _looped_task
2022-09-15 23:05:49 (success) gitcommit
2022-09-15 23:05:49 (startup) gitcommit
2022-09-15 23:05:49 (success) build
2022-09-15 23:05:47 (startup) build
2022-09-15 23:05:47 (success) gitcommit
2022-09-15 23:05:47 (startup) gitcommit
2022-09-15 23:05:47 (success) gendoc
2022-09-15 23:05:45 (startup) gendoc
2022-09-15 23:05:45 (startup) release
2022-09-08 00:04:00 (success) release
2022-09-08 00:04:00 (success) _pypi_release
2022-09-08 00:03:50 (startup) _pypi_release
2022-09-08 00:03:50 (success) _git_default_commit
2022-09-08 00:03:50 (startup) _git_default_commit
2022-09-08 00:03:50 (success) _git_push
2022-09-08 00:03:45 (startup) _git_push
2022-09-08 00:03:45 (success) _build_package
2022-09-08 00:03:44 (startup) _build_package
2022-09-08 00:03:44 (success) _git_tag
2022-09-08 00:03:44 (startup) _git_tag
2022-09-08 00:03:44 (success) _git_default_commit
2022-09-08 00:03:44 (startup) _git_default_commit
2022-09-08 00:03:44 (success) _build_doc
2022-09-08 00:03:42 (startup) _build_doc
2022-09-08 00:03:42 (startup) release
2022-09-08 00:03:25 (success) gitinit
2022-09-08 00:03:10 (startup) gitinit
